<?xml version="1.0" encoding="UTF-8"?>
<!-- Generated by org.testng.reporters.JUnitReportReporter -->
<testsuite hostname="DESKTOP-Q0VBUNO" failures="0" tests="1" name="test.Test_Web_Table" time="14.063" errors="0" timestamp="2020-08-08T17:49:13 CDT" skipped="0">
  <testcase classname="test.Test_Web_Table" name="read_Web_Table" time="14.063"/>
  <system-out/>
</testsuite> <!-- test.Test_Web_Table -->
